<?xml version="1.0" encoding="utf-8"?><testsuites name="pytest tests"><testsuite name="pytest" errors="0" failures="0" skipped="0" tests="17" time="20.929" timestamp="2026-02-25T13:33:51.922780+00:00" hostname="agent-env-48a388ec-93f1-48af-b4d4-3e3621055549"><testcase classname="backend.tests.test_furni_api.TestHealth" name="test_api_root_accessible" time="0.563" /><testcase classname="backend.tests.test_furni_api.TestAuth" name="test_login_success" time="0.669" /><testcase classname="backend.tests.test_furni_api.TestAuth" name="test_login_invalid_credentials" time="0.515" /><testcase classname="backend.tests.test_furni_api.TestAuth" name="test_register_existing_email" time="0.408" /><testcase classname="backend.tests.test_furni_api.TestAuth" name="test_get_me_authenticated" time="1.046" /><testcase classname="backend.tests.test_furni_api.TestDashboard" name="test_get_dashboard_stats" time="1.051" /><testcase classname="backend.tests.test_furni_api.TestDashboard" name="test_get_recent_orders" time="1.066" /><testcase classname="backend.tests.test_furni_api.TestOrders" name="test_get_all_orders" time="1.073" /><testcase classname="backend.tests.test_furni_api.TestOrders" name="test_create_order_and_verify" time="1.483" /><testcase classname="backend.tests.test_furni_api.TestOrders" name="test_filter_orders_by_status" time="1.077" /><testcase classname="backend.tests.test_furni_api.TestOrders" name="test_filter_orders_by_channel" time="1.037" /><testcase classname="backend.tests.test_furni_api.TestOrders" name="test_update_order_status" time="1.613" /><testcase classname="backend.tests.test_furni_api.TestOrders" name="test_delete_order" time="4.135" /><testcase classname="backend.tests.test_furni_api.TestCSVImport" name="test_import_amazon_csv" time="1.088" /><testcase classname="backend.tests.test_furni_api.TestCSVImport" name="test_import_amazon_txt" time="1.043" /><testcase classname="backend.tests.test_furni_api.TestCSVImport" name="test_import_invalid_file_type" time="1.058" /><testcase classname="backend.tests.test_furni_api.TestCleanup" name="test_cleanup_test_orders" time="1.877" /></testsuite></testsuites>