<?xml version="1.0" encoding="utf-8"?><testsuites name="pytest tests"><testsuite name="pytest" errors="0" failures="0" skipped="0" tests="9" time="21.837" timestamp="2026-02-26T12:03:51.087938+00:00" hostname="agent-env-c9259544-ab44-4862-889d-1a18a13aaa7f"><testcase classname="backend.tests.test_furniva_iteration3.TestAuth" name="test_login_success" time="1.572" /><testcase classname="backend.tests.test_furniva_iteration3.TestMasterSKU" name="test_create_master_sku_simplified" time="2.945" /><testcase classname="backend.tests.test_furniva_iteration3.TestProcurementBatch" name="test_create_batch_with_box_details" time="2.801" /><testcase classname="backend.tests.test_furniva_iteration3.TestProcurementBatch" name="test_total_weight_auto_calculation" time="1.161" /><testcase classname="backend.tests.test_furniva_iteration3.TestReturnsWorkflow" name="test_pickup_scheduled_requires_date" time="5.690" /><testcase classname="backend.tests.test_furniva_iteration3.TestReturnsWorkflow" name="test_in_transit_requires_tracking" time="3.251" /><testcase classname="backend.tests.test_furniva_iteration3.TestReturnsWorkflow" name="test_status_history_tracking" time="0.738" /><testcase classname="backend.tests.test_furniva_iteration3.TestReturnsWorkflow" name="test_undo_endpoint_exists" time="1.548" /><testcase classname="backend.tests.test_furniva_iteration3.TestOrderDetail" name="test_order_has_communication_fields" time="1.844" /></testsuite></testsuites>