<?xml version="1.0" encoding="utf-8"?><testsuites name="pytest tests"><testsuite name="pytest" errors="0" failures="0" skipped="0" tests="19" time="47.060" timestamp="2026-02-26T11:23:45.011272+00:00" hostname="agent-env-c9259544-ab44-4862-889d-1a18a13aaa7f"><testcase classname="backend.tests.test_furniva_inventory_returns.TestAuth" name="test_login_success" time="1.577" /><testcase classname="backend.tests.test_furniva_inventory_returns.TestMasterSKU" name="test_get_master_skus" time="2.069" /><testcase classname="backend.tests.test_furniva_inventory_returns.TestMasterSKU" name="test_get_existing_master_sku" time="1.877" /><testcase classname="backend.tests.test_furniva_inventory_returns.TestMasterSKU" name="test_create_and_delete_master_sku" time="4.197" /><testcase classname="backend.tests.test_furniva_inventory_returns.TestPlatformListings" name="test_get_listings_by_master_sku" time="2.137" /><testcase classname="backend.tests.test_furniva_inventory_returns.TestPlatformListings" name="test_create_and_delete_listing" time="3.179" /><testcase classname="backend.tests.test_furniva_inventory_returns.TestProcurementBatches" name="test_get_batches_by_master_sku" time="2.014" /><testcase classname="backend.tests.test_furniva_inventory_returns.TestProcurementBatches" name="test_get_average_cost" time="1.880" /><testcase classname="backend.tests.test_furniva_inventory_returns.TestProcurementBatches" name="test_create_and_delete_batch" time="2.563" /><testcase classname="backend.tests.test_furniva_inventory_returns.TestReturns" name="test_get_returns" time="2.032" /><testcase classname="backend.tests.test_furniva_inventory_returns.TestReturns" name="test_get_returns_filter_by_status" time="1.879" /><testcase classname="backend.tests.test_furniva_inventory_returns.TestFinancials" name="test_profit_analysis" time="1.763" /><testcase classname="backend.tests.test_furniva_inventory_returns.TestFinancials" name="test_leakage_report" time="1.866" /><testcase classname="backend.tests.test_furniva_inventory_returns.TestOrders" name="test_get_orders" time="2.532" /><testcase classname="backend.tests.test_furniva_inventory_returns.TestOrders" name="test_get_order_by_id" time="2.647" /><testcase classname="backend.tests.test_furniva_inventory_returns.TestOrderFinancials" name="test_calculate_financials" time="3.852" /><testcase classname="backend.tests.test_furniva_inventory_returns.TestReturnCreation" name="test_create_return_for_order" time="4.093" /><testcase classname="backend.tests.test_furniva_inventory_returns.TestChannels" name="test_get_channels" time="2.181" /><testcase classname="backend.tests.test_furniva_inventory_returns.TestCleanup" name="test_cleanup_test_orders" time="2.363" /></testsuite></testsuites>